Release 14.7 - xst P.20131013 (nt64)
Copyright (c) 1995-2013 Xilinx, Inc.  All rights reserved.
--> Parameter TMPDIR set to xst/projnav.tmp


Total REAL time to Xst completion: 1.00 secs
Total CPU time to Xst completion: 0.20 secs
 
--> Parameter xsthdpdir set to xst


Total REAL time to Xst completion: 1.00 secs
Total CPU time to Xst completion: 0.20 secs
 
--> Reading design: key_filter.prj

TABLE OF CONTENTS
  1) Synthesis Options Summary
  2) HDL Parsing
  3) HDL Elaboration
  4) HDL Synthesis
       4.1) HDL Synthesis Report
  5) Advanced HDL Synthesis
       5.1) Advanced HDL Synthesis Report
  6) Low Level Synthesis
  7) Partition Report
  8) Design Summary
       8.1) Primitive and Black Box Usage
       8.2) Device utilization summary
       8.3) Partition Resource Summary
       8.4) Timing Report
            8.4.1) Clock Information
            8.4.2) Asynchronous Control Signals Information
            8.4.3) Timing Summary
            8.4.4) Timing Details
            8.4.5) Cross Clock Domains Report


=========================================================================
*                      Synthesis Options Summary                        *
=========================================================================
---- Source Parameters
Input File Name                    : "key_filter.prj"
Ignore Synthesis Constraint File   : NO

---- Target Parameters
Output File Name                   : "key_filter"
Output Format                      : NGC
Target Device                      : xc6slx9-2-ftg256

---- Source Options
Top Module Name                    : key_filter
Automatic FSM Extraction           : YES
FSM Encoding Algorithm             : Auto
Safe Implementation                : No
FSM Style                          : LUT
RAM Extraction                     : Yes
RAM Style                          : Auto
ROM Extraction                     : Yes
Shift Register Extraction          : YES
ROM Style                          : Auto
Resource Sharing                   : YES
Asynchronous To Synchronous        : NO
Shift Register Minimum Size        : 2
Use DSP Block                      : Auto
Automatic Register Balancing       : No

---- Target Options
LUT Combining                      : Auto
Reduce Control Sets                : Auto
Add IO Buffers                     : YES
Global Maximum Fanout              : 100000
Add Generic Clock Buffer(BUFG)     : 16
Register Duplication               : YES
Optimize Instantiated Primitives   : NO
Use Clock Enable                   : Auto
Use Synchronous Set                : Auto
Use Synchronous Reset              : Auto
Pack IO Registers into IOBs        : Auto
Equivalent register Removal        : YES

---- General Options
Optimization Goal                  : Speed
Optimization Effort                : 1
Power Reduction                    : NO
Keep Hierarchy                     : No
Netlist Hierarchy                  : As_Optimized
RTL Output                         : Yes
Global Optimization                : AllClockNets
Read Cores                         : YES
Write Timing Constraints           : NO
Cross Clock Analysis               : NO
Hierarchy Separator                : /
Bus Delimiter                      : <>
Case Specifier                     : Maintain
Slice Utilization Ratio            : 100
BRAM Utilization Ratio             : 100
DSP48 Utilization Ratio            : 100
Auto BRAM Packing                  : NO
Slice Utilization Ratio Delta      : 5

=========================================================================


=========================================================================
*                          HDL Parsing                                  *
=========================================================================
Analyzing Verilog file "C:\Users\Admin\Desktop\FPGA_ISE_code\key_filter\key_filter.v" into library work
Parsing module <key_filter>.

=========================================================================
*                            HDL Elaboration                            *
=========================================================================

Elaborating module <key_filter>.

=========================================================================
*                           HDL Synthesis                               *
=========================================================================

Synthesizing Unit <key_filter>.
    Related source file is "C:\Users\Admin\Desktop\FPGA_ISE_code\key_filter\key_filter.v".
    Found 4-bit register for signal <key_in_r>.
    Found 4-bit register for signal <key_in_r_next>.
    Found 20-bit register for signal <cnt>.
    Found 1-bit register for signal <cnt_full>.
    Found 1-bit register for signal <led_r<3>>.
    Found 1-bit register for signal <led_r<2>>.
    Found 1-bit register for signal <led_r<1>>.
    Found 1-bit register for signal <led_r<0>>.
    Found 20-bit adder for signal <cnt[19]_GND_1_o_add_1_OUT> created at line 19.
    Summary:
	inferred   1 Adder/Subtractor(s).
	inferred  33 D-type flip-flop(s).
	inferred   1 Multiplexer(s).
Unit <key_filter> synthesized.

=========================================================================
HDL Synthesis Report

Macro Statistics
# Adders/Subtractors                                   : 1
 20-bit adder                                          : 1
# Registers                                            : 8
 1-bit register                                        : 5
 20-bit register                                       : 1
 4-bit register                                        : 2
# Multiplexers                                         : 1
 20-bit 2-to-1 multiplexer                             : 1

=========================================================================

=========================================================================
*                       Advanced HDL Synthesis                          *
=========================================================================


Synthesizing (advanced) Unit <key_filter>.
The following registers are absorbed into counter <cnt>: 1 register on signal <cnt>.
Unit <key_filter> synthesized (advanced).

=========================================================================
Advanced HDL Synthesis Report

Macro Statistics
# Counters                                             : 1
 20-bit up counter                                     : 1
# Registers                                            : 13
 Flip-Flops                                            : 13

=========================================================================

=========================================================================
*                         Low Level Synthesis                           *
=========================================================================

Optimizing unit <key_filter> ...

Mapping all equations...
Building and optimizing final netlist ...
Found area constraint ratio of 100 (+ 5) on block key_filter, actual ratio is 1.
FlipFlop cnt_13 has been replicated 1 time(s)
FlipFlop cnt_15 has been replicated 1 time(s)

Final Macro Processing ...

=========================================================================
Final Register Report

Macro Statistics
# Registers                                            : 35
 Flip-Flops                                            : 35

=========================================================================

=========================================================================
*                           Partition Report                            *
=========================================================================

Partition Implementation Status
-------------------------------

  No Partitions were found in this design.

-------------------------------

=========================================================================
*                            Design Summary                             *
=========================================================================

Top Level Output File Name         : key_filter.ngc

Primitive and Black Box Usage:
------------------------------
# BELS                             : 96
#      GND                         : 1
#      INV                         : 2
#      LUT1                        : 19
#      LUT2                        : 3
#      LUT5                        : 1
#      LUT6                        : 30
#      MUXCY                       : 19
#      VCC                         : 1
#      XORCY                       : 20
# FlipFlops/Latches                : 35
#      FDC                         : 27
#      FDP                         : 4
#      FDPE                        : 4
# Clock Buffers                    : 1
#      BUFGP                       : 1
# IO Buffers                       : 9
#      IBUF                        : 5
#      OBUF                        : 4

Device utilization summary:
---------------------------

Selected Device : 6slx9ftg256-2 


Slice Logic Utilization: 
 Number of Slice Registers:              35  out of  11440     0%  
 Number of Slice LUTs:                   55  out of   5720     0%  
    Number used as Logic:                55  out of   5720     0%  

Slice Logic Distribution: 
 Number of LUT Flip Flop pairs used:     65
   Number with an unused Flip Flop:      30  out of     65    46%  
   Number with an unused LUT:            10  out of     65    15%  
   Number of fully used LUT-FF pairs:    25  out of     65    38%  
   Number of unique control sets:         2

IO Utilization: 
 Number of IOs:                          10
 Number of bonded IOBs:                  10  out of    186     5%  

Specific Feature Utilization:
 Number of BUFG/BUFGCTRLs:                1  out of     16     6%  

---------------------------
Partition Resource Summary:
---------------------------

  No Partitions were found in this design.

---------------------------


=========================================================================
Timing Report

NOTE: THESE TIMING NUMBERS ARE ONLY A SYNTHESIS ESTIMATE.
      FOR ACCURATE TIMING INFORMATION PLEASE REFER TO THE TRACE REPORT
      GENERATED AFTER PLACE-and-ROUTE.

Clock Information:
------------------
-----------------------------------+------------------------+-------+
Clock Signal                       | Clock buffer(FF name)  | Load  |
-----------------------------------+------------------------+-------+
clk                                | BUFGP                  | 35    |
-----------------------------------+------------------------+-------+

Asynchronous Control Signals Information:
----------------------------------------
No asynchronous control signals found in this design

Timing Summary:
---------------
Speed Grade: -2

   Minimum period: 3.624ns (Maximum Frequency: 275.938MHz)
   Minimum input arrival time before clock: 4.292ns
   Maximum output required time after clock: 4.162ns
   Maximum combinational path delay: No path found

Timing Details:
---------------
All values displayed in nanoseconds (ns)

=========================================================================
Timing constraint: Default period analysis for Clock 'clk'
  Clock period: 3.624ns (frequency: 275.938MHz)
  Total number of paths / destination ports: 744 / 35
-------------------------------------------------------------------------
Delay:               3.624ns (Levels of Logic = 20)
  Source:            cnt_0 (FF)
  Destination:       cnt_17 (FF)
  Source Clock:      clk rising
  Destination Clock: clk rising

  Data Path: cnt_0 to cnt_17
                                Gate     Net
    Cell:in->out      fanout   Delay   Delay  Logical Name (Net Name)
    ----------------------------------------  ------------
     FDC:C->Q              3   0.525   0.765  cnt_0 (cnt_0)
     INV:I->O              1   0.255   0.000  Mcount_cnt_lut<0>_INV_0 (Mcount_cnt_lut<0>)
     MUXCY:S->O            1   0.215   0.000  Mcount_cnt_cy<0> (Mcount_cnt_cy<0>)
     MUXCY:CI->O           1   0.023   0.000  Mcount_cnt_cy<1> (Mcount_cnt_cy<1>)
     MUXCY:CI->O           1   0.023   0.000  Mcount_cnt_cy<2> (Mcount_cnt_cy<2>)
     MUXCY:CI->O           1   0.023   0.000  Mcount_cnt_cy<3> (Mcount_cnt_cy<3>)
     MUXCY:CI->O           1   0.023   0.000  Mcount_cnt_cy<4> (Mcount_cnt_cy<4>)
     MUXCY:CI->O           1   0.023   0.000  Mcount_cnt_cy<5> (Mcount_cnt_cy<5>)
     MUXCY:CI->O           1   0.023   0.000  Mcount_cnt_cy<6> (Mcount_cnt_cy<6>)
     MUXCY:CI->O           1   0.023   0.000  Mcount_cnt_cy<7> (Mcount_cnt_cy<7>)
     MUXCY:CI->O           1   0.023   0.000  Mcount_cnt_cy<8> (Mcount_cnt_cy<8>)
     MUXCY:CI->O           1   0.023   0.000  Mcount_cnt_cy<9> (Mcount_cnt_cy<9>)
     MUXCY:CI->O           1   0.023   0.000  Mcount_cnt_cy<10> (Mcount_cnt_cy<10>)
     MUXCY:CI->O           1   0.023   0.000  Mcount_cnt_cy<11> (Mcount_cnt_cy<11>)
     MUXCY:CI->O           1   0.023   0.000  Mcount_cnt_cy<12> (Mcount_cnt_cy<12>)
     MUXCY:CI->O           1   0.023   0.000  Mcount_cnt_cy<13> (Mcount_cnt_cy<13>)
     MUXCY:CI->O           1   0.023   0.000  Mcount_cnt_cy<14> (Mcount_cnt_cy<14>)
     MUXCY:CI->O           1   0.023   0.000  Mcount_cnt_cy<15> (Mcount_cnt_cy<15>)
     MUXCY:CI->O           1   0.023   0.000  Mcount_cnt_cy<16> (Mcount_cnt_cy<16>)
     XORCY:CI->O           1   0.206   0.958  Mcount_cnt_xor<17> (Result<17>)
     LUT6:I2->O            1   0.254   0.000  Mcount_cnt_eqn_171 (Mcount_cnt_eqn_17)
     FDC:D                     0.074          cnt_17
    ----------------------------------------
    Total                      3.624ns (1.901ns logic, 1.723ns route)
                                       (52.5% logic, 47.5% route)

=========================================================================
Timing constraint: Default OFFSET IN BEFORE for Clock 'clk'
  Total number of paths / destination ports: 39 / 39
-------------------------------------------------------------------------
Offset:              4.292ns (Levels of Logic = 2)
  Source:            rst_n (PAD)
  Destination:       cnt_full (FF)
  Destination Clock: clk rising

  Data Path: rst_n to cnt_full
                                Gate     Net
    Cell:in->out      fanout   Delay   Delay  Logical Name (Net Name)
    ----------------------------------------  ------------
     IBUF:I->O             1   1.328   0.681  rst_n_IBUF (rst_n_IBUF)
     INV:I->O             35   0.255   1.569  rst_n_inv1_INV_0 (rst_n_inv)
     FDC:CLR                   0.459          cnt_full
    ----------------------------------------
    Total                      4.292ns (2.042ns logic, 2.250ns route)
                                       (47.6% logic, 52.4% route)

=========================================================================
Timing constraint: Default OFFSET OUT AFTER for Clock 'clk'
  Total number of paths / destination ports: 4 / 4
-------------------------------------------------------------------------
Offset:              4.162ns (Levels of Logic = 1)
  Source:            led_r_3 (FF)
  Destination:       led<3> (PAD)
  Source Clock:      clk rising

  Data Path: led_r_3 to led<3>
                                Gate     Net
    Cell:in->out      fanout   Delay   Delay  Logical Name (Net Name)
    ----------------------------------------  ------------
     FDC:C->Q              2   0.525   0.725  led_r_3 (led_r_3)
     OBUF:I->O                 2.912          led_3_OBUF (led<3>)
    ----------------------------------------
    Total                      4.162ns (3.437ns logic, 0.725ns route)
                                       (82.6% logic, 17.4% route)

=========================================================================

Cross Clock Domains Report:
--------------------------

Clock to Setup on destination clock clk
---------------+---------+---------+---------+---------+
               | Src:Rise| Src:Fall| Src:Rise| Src:Fall|
Source Clock   |Dest:Rise|Dest:Rise|Dest:Fall|Dest:Fall|
---------------+---------+---------+---------+---------+
clk            |    3.624|         |         |         |
---------------+---------+---------+---------+---------+

=========================================================================


Total REAL time to Xst completion: 12.00 secs
Total CPU time to Xst completion: 11.87 secs
 
--> 

Total memory usage is 4553664 kilobytes

Number of errors   :    0 (   0 filtered)
Number of warnings :    0 (   0 filtered)
Number of infos    :    0 (   0 filtered)

